2022.02.07 19:48:34 INFO  tracing is disabled for protocol LSP, to enable tracing of incoming and outgoing JSON messages create an empty file at /Users/dilangoodwin/Documents/GitCV/Scala/UniversityWork/week1/.metals/lsp.trace.json or /Users/dilangoodwin/Library/Caches/org.scalameta.metals/lsp.trace.json[0m
2022.02.07 19:48:35 INFO  logging to file /Users/dilangoodwin/Documents/GitCV/Scala/UniversityWork/week1/.metals/metals.log[0m
2022.02.07 19:48:35 INFO  Started: Metals version 0.11.1 in workspace '/Users/dilangoodwin/Documents/GitCV/Scala/UniversityWork/week1' for client Visual Studio Code 1.64.0.[0m
2022.02.07 19:48:35 INFO  Parse release: 17[0m
2022.02.07 19:48:40 INFO  time: initialize in 4.91s[0m
2022.02.07 19:48:40 WARN  Build server is not auto-connectable.[0m
2022.02.07 19:48:41 WARN  no build target for: /Users/dilangoodwin/Documents/GitCV/Scala/UniversityWork/week1/project/Dependencies.scala[0m
Feb 07, 2022 7:48:42 PM org.eclipse.lsp4j.jsonrpc.RemoteEndpoint handleCancellation
WARNING: Unmatched cancel notification for request id 2
Feb 07, 2022 7:48:42 PM org.eclipse.lsp4j.jsonrpc.RemoteEndpoint handleCancellation
WARNING: Unmatched cancel notification for request id 3
Feb 07, 2022 7:48:42 PM org.eclipse.lsp4j.jsonrpc.RemoteEndpoint handleCancellation
WARNING: Unmatched cancel notification for request id 1
2022.02.07 19:48:48 INFO  no build target found for /Users/dilangoodwin/Documents/GitCV/Scala/UniversityWork/week1/project/Dependencies.scala. Using presentation compiler with project's scala-library version: 3.1.0[0m
2022.02.07 19:48:49 WARN  no build target for: /Users/dilangoodwin/Documents/GitCV/Scala/UniversityWork/week1/build.sbt[0m
2022.02.07 19:48:49 WARN  no build target for: /Users/dilangoodwin/Documents/GitCV/Scala/UniversityWork/week1/src/test/scala/example/HelloSpec.scala[0m
2022.02.07 19:48:51 INFO  time: code lens generation in 1.39s[0m
2022.02.07 19:48:51 INFO  time: code lens generation in 2.56s[0m
2022.02.07 19:49:26 WARN  no build target for: /Users/dilangoodwin/Documents/GitCV/Scala/UniversityWork/week1/src/main/scala/template.scala[0m
2022.02.07 19:49:44 WARN  no build target for: /Users/dilangoodwin/Documents/GitCV/Scala/UniversityWork/week1/src/main/scala/template.scala[0m
2022.02.07 19:49:55 WARN  no build target for: /Users/dilangoodwin/Documents/GitCV/Scala/UniversityWork/week1/src/test/scala/templateTest.scala[0m
2022.02.07 19:50:06 WARN  no build target for: /Users/dilangoodwin/Documents/GitCV/Scala/UniversityWork/week1/src/main/scala/templateProgram.scala[0m
2022.02.07 19:50:13 WARN  no build target for: /Users/dilangoodwin/Documents/GitCV/Scala/UniversityWork/week1/src/main/scala/templateProgram.scala[0m
2022.02.07 19:55:13 INFO  shutting down Metals[0m
2022.02.07 20:32:48 INFO  tracing is disabled for protocol LSP, to enable tracing of incoming and outgoing JSON messages create an empty file at /Users/dilangoodwin/Documents/GitCV/Scala/UniversityWork/week1/.metals/lsp.trace.json or /Users/dilangoodwin/Library/Caches/org.scalameta.metals/lsp.trace.json
2022.02.07 20:32:49 INFO  logging to file /Users/dilangoodwin/Documents/GitCV/Scala/UniversityWork/week1/.metals/metals.log
2022.02.07 20:32:49 INFO  Started: Metals version 0.11.1 in workspace '/Users/dilangoodwin/Documents/GitCV/Scala/UniversityWork/week1' for client Visual Studio Code 1.64.0.
2022.02.07 20:32:49 INFO  Parse release: 17
2022.02.07 20:32:54 INFO  time: initialize in 5.14s
2022.02.07 20:32:55 WARN  Build server is not auto-connectable.
2022.02.07 20:32:55 WARN  no build target for: /Users/dilangoodwin/Documents/GitCV/Scala/UniversityWork/week1/src/test/scala/templateTest.scala
2022.02.07 20:32:55 INFO  skipping build import with status 'Requested'
2022.02.07 20:33:02 INFO  no build target found for /Users/dilangoodwin/Documents/GitCV/Scala/UniversityWork/week1/src/test/scala/templateTest.scala. Using presentation compiler with project's scala-library version: 3.1.0
2022.02.07 20:33:04 INFO  time: code lens generation in 8.77s
