2022.02.07 19:48:34 INFO  tracing is disabled for protocol LSP, to enable tracing of incoming and outgoing JSON messages create an empty file at /Users/dilangoodwin/Documents/GitCV/Scala/UniversityWork/week1/.metals/lsp.trace.json or /Users/dilangoodwin/Library/Caches/org.scalameta.metals/lsp.trace.json[0m
2022.02.07 19:48:35 INFO  logging to file /Users/dilangoodwin/Documents/GitCV/Scala/UniversityWork/week1/.metals/metals.log[0m
2022.02.07 19:48:35 INFO  Started: Metals version 0.11.1 in workspace '/Users/dilangoodwin/Documents/GitCV/Scala/UniversityWork/week1' for client Visual Studio Code 1.64.0.[0m
2022.02.07 19:48:35 INFO  Parse release: 17[0m
2022.02.07 19:48:40 INFO  time: initialize in 4.91s[0m
2022.02.07 19:48:40 WARN  Build server is not auto-connectable.[0m
2022.02.07 19:48:41 WARN  no build target for: /Users/dilangoodwin/Documents/GitCV/Scala/UniversityWork/week1/project/Dependencies.scala[0m
Feb 07, 2022 7:48:42 PM org.eclipse.lsp4j.jsonrpc.RemoteEndpoint handleCancellation
WARNING: Unmatched cancel notification for request id 2
Feb 07, 2022 7:48:42 PM org.eclipse.lsp4j.jsonrpc.RemoteEndpoint handleCancellation
WARNING: Unmatched cancel notification for request id 3
Feb 07, 2022 7:48:42 PM org.eclipse.lsp4j.jsonrpc.RemoteEndpoint handleCancellation
WARNING: Unmatched cancel notification for request id 1
2022.02.07 19:48:48 INFO  no build target found for /Users/dilangoodwin/Documents/GitCV/Scala/UniversityWork/week1/project/Dependencies.scala. Using presentation compiler with project's scala-library version: 3.1.0[0m
2022.02.07 19:48:49 WARN  no build target for: /Users/dilangoodwin/Documents/GitCV/Scala/UniversityWork/week1/build.sbt[0m
2022.02.07 19:48:49 WARN  no build target for: /Users/dilangoodwin/Documents/GitCV/Scala/UniversityWork/week1/src/test/scala/example/HelloSpec.scala[0m
2022.02.07 19:48:51 INFO  time: code lens generation in 1.39s[0m
2022.02.07 19:48:51 INFO  time: code lens generation in 2.56s[0m
2022.02.07 19:49:26 WARN  no build target for: /Users/dilangoodwin/Documents/GitCV/Scala/UniversityWork/week1/src/main/scala/template.scala[0m
2022.02.07 19:49:44 WARN  no build target for: /Users/dilangoodwin/Documents/GitCV/Scala/UniversityWork/week1/src/main/scala/template.scala[0m
2022.02.07 19:49:55 WARN  no build target for: /Users/dilangoodwin/Documents/GitCV/Scala/UniversityWork/week1/src/test/scala/templateTest.scala[0m
2022.02.07 19:50:06 WARN  no build target for: /Users/dilangoodwin/Documents/GitCV/Scala/UniversityWork/week1/src/main/scala/templateProgram.scala[0m
2022.02.07 19:50:13 WARN  no build target for: /Users/dilangoodwin/Documents/GitCV/Scala/UniversityWork/week1/src/main/scala/templateProgram.scala[0m
2022.02.14 10:46:55 INFO  tracing is disabled for protocol LSP, to enable tracing of incoming and outgoing JSON messages create an empty file at /Users/dilangoodwin/Documents/GitCV/Scala/UniversityWork/week20/.metals/lsp.trace.json or /Users/dilangoodwin/Library/Caches/org.scalameta.metals/lsp.trace.json
2022.02.14 10:46:56 INFO  logging to file /Users/dilangoodwin/Documents/GitCV/Scala/UniversityWork/week20/.metals/metals.log
2022.02.14 10:46:56 INFO  Started: Metals version 0.11.1 in workspace '/Users/dilangoodwin/Documents/GitCV/Scala/UniversityWork/week20' for client Visual Studio Code 1.64.2.
2022.02.14 10:46:56 INFO  Parse release: 17
2022.02.14 10:47:01 INFO  time: initialize in 5.18s
2022.02.14 10:47:05 WARN  Build server is not auto-connectable.
2022.02.14 10:47:36 WARN  no build target for: /Users/dilangoodwin/Documents/GitCV/Scala/UniversityWork/week20/src/main/scala/templateProgram.scala
2022.02.14 10:47:43 INFO  no build target found for /Users/dilangoodwin/Documents/GitCV/Scala/UniversityWork/week20/src/main/scala/templateProgram.scala. Using presentation compiler with project's scala-library version: 3.1.0
2022.02.14 10:47:43 WARN  no build target for: /Users/dilangoodwin/Documents/GitCV/Scala/UniversityWork/week20/src/main/scala/Countdown.scala
Feb 14, 2022 10:47:43 AM org.eclipse.lsp4j.jsonrpc.RemoteEndpoint handleCancellation
WARNING: Unmatched cancel notification for request id 5
2022.02.14 10:47:46 WARN  no build target for: /Users/dilangoodwin/Documents/GitCV/Scala/UniversityWork/week20/src/main/scala/Countdown.scala
2022.02.14 10:47:47 INFO  time: code lens generation in 3.73s
2022.02.14 10:47:47 INFO  time: code lens generation in 1.49s
2022.02.14 10:47:47 INFO  time: code lens generation in 2.9s
2022.02.14 10:47:47 INFO  time: code lens generation in 3.71s
2022.02.14 10:47:47 ERROR text document: file:///Users/dilangoodwin/Documents/GitCV/Scala/UniversityWork/week20/src/main/scala/templateProgram.scala
java.nio.file.NoSuchFileException: /Users/dilangoodwin/Documents/GitCV/Scala/UniversityWork/week20/src/main/scala/templateProgram.scala
	at sun.nio.fs.UnixException.translateToIOException(UnixException.java:92)
	at sun.nio.fs.UnixException.rethrowAsIOException(UnixException.java:106)
	at sun.nio.fs.UnixException.rethrowAsIOException(UnixException.java:111)
	at sun.nio.fs.UnixFileSystemProvider.newByteChannel(UnixFileSystemProvider.java:219)
	at java.nio.file.Files.newByteChannel(Files.java:380)
	at java.nio.file.Files.newByteChannel(Files.java:432)
	at java.nio.file.Files.readAllBytes(Files.java:3288)
	at scala.meta.internal.io.PlatformFileIO$.slurp(PlatformFileIO.scala:45)
	at scala.meta.internal.io.FileIO$.slurp(FileIO.scala:24)
	at scala.meta.internal.metals.InteractiveSemanticdbs.$anonfun$textDocument$2(InteractiveSemanticdbs.scala:90)
	at scala.Option.getOrElse(Option.scala:189)
	at scala.meta.internal.metals.InteractiveSemanticdbs.$anonfun$textDocument$1(InteractiveSemanticdbs.scala:90)
	at java.util.HashMap.compute(HashMap.java:1315)
	at java.util.Collections$SynchronizedMap.compute(Collections.java:2770)
	at scala.meta.internal.metals.InteractiveSemanticdbs.textDocument(InteractiveSemanticdbs.scala:89)
	at scala.meta.internal.metals.InteractiveSemanticdbs.textDocument(InteractiveSemanticdbs.scala:63)
	at scala.meta.internal.metals.AggregateSemanticdbs.loop$1(AggregateSemanticdbs.scala:30)
	at scala.meta.internal.metals.AggregateSemanticdbs.textDocument(AggregateSemanticdbs.scala:36)
	at scala.meta.internal.metals.CodeLensProvider.findLenses(CodeLensProvider.scala:22)
	at scala.meta.internal.metals.MetalsLanguageServer.$anonfun$codeLens$2(MetalsLanguageServer.scala:1605)
	at scala.meta.internal.metals.TimerProvider.timedThunk(TimerProvider.scala:25)
	at scala.meta.internal.metals.MetalsLanguageServer.$anonfun$codeLens$1(MetalsLanguageServer.scala:1603)
	at scala.meta.internal.metals.CancelTokens$.$anonfun$apply$2(CancelTokens.scala:26)
	at scala.concurrent.Future$.$anonfun$apply$1(Future.scala:659)
	at scala.util.Success.$anonfun$map$1(Try.scala:255)
	at scala.util.Success.map(Try.scala:213)
	at scala.concurrent.Future.$anonfun$map$1(Future.scala:292)
	at scala.concurrent.impl.Promise.liftedTree1$1(Promise.scala:33)
	at scala.concurrent.impl.Promise.$anonfun$transform$1(Promise.scala:33)
	at scala.concurrent.impl.CallbackRunnable.run(Promise.scala:64)
	at java.util.concurrent.ThreadPoolExecutor.runWorker(ThreadPoolExecutor.java:1136)
	at java.util.concurrent.ThreadPoolExecutor$Worker.run(ThreadPoolExecutor.java:635)
	at java.lang.Thread.run(Thread.java:833)

2022.02.14 10:47:47 INFO  time: code lens generation in 10s
2022.02.14 10:51:38 WARN  no build target for: /Users/dilangoodwin/Documents/GitCV/Scala/UniversityWork/week20/src/main/scala/Countdown.scala
2022.02.14 10:53:40 WARN  no build target for: /Users/dilangoodwin/Documents/GitCV/Scala/UniversityWork/week20/src/main/scala/Countdown.scala
2022.02.14 10:53:55 WARN  no build target for: /Users/dilangoodwin/Documents/GitCV/Scala/UniversityWork/week20/src/main/scala/Countdown.scala
2022.02.14 10:54:05 WARN  no build target for: /Users/dilangoodwin/Documents/GitCV/Scala/UniversityWork/week20/src/main/scala/Countdown.scala
2022.02.14 10:55:00 WARN  no build target for: /Users/dilangoodwin/Documents/GitCV/Scala/UniversityWork/week20/build.sbt
2022.02.14 10:55:08 WARN  no build target for: /Users/dilangoodwin/Documents/GitCV/Scala/UniversityWork/week20/build.sbt
2022.02.14 10:55:15 INFO  running '/Users/dilangoodwin/.sdkman/candidates/java/current/bin/java -Djline.terminal=jline.UnsupportedTerminal -Dsbt.log.noformat=true -Dfile.encoding=UTF-8 -jar /var/folders/5j/hbjztn5j1d1_5__qn0wc050c0000gn/T/metals14379107443305249216/sbt-launch.jar -Dbloop.export-jar-classifiers=sources bloopInstall'
2022.02.14 10:55:15 WARN  no build target for: /Users/dilangoodwin/Documents/GitCV/Scala/UniversityWork/week20/project/metals.sbt
2022.02.14 10:55:15 WARN  no build target for: /Users/dilangoodwin/Documents/GitCV/Scala/UniversityWork/week20/project/project/metals.sbt
2022.02.14 10:55:17 INFO  [info] welcome to sbt 1.6.2 (Eclipse Adoptium Java 17)
2022.02.14 10:55:20 INFO  [info] loading global plugins from /Users/dilangoodwin/.sbt/1.0/plugins
2022.02.14 10:55:24 INFO  [info] loading settings for project week20-build-build from metals.sbt ...
2022.02.14 10:55:24 INFO  [info] loading project definition from /Users/dilangoodwin/Documents/GitCV/Scala/UniversityWork/week20/project/project
2022.02.14 10:55:28 INFO  [info] loading settings for project week20-build from metals.sbt ...
2022.02.14 10:55:28 INFO  [info] loading project definition from /Users/dilangoodwin/Documents/GitCV/Scala/UniversityWork/week20/project
2022.02.14 10:55:33 INFO  [success] Generated .bloop/week20-build.json
2022.02.14 10:55:33 INFO  [info] compiling 1 Scala source to /Users/dilangoodwin/Documents/GitCV/Scala/UniversityWork/week20/project/target/scala-2.12/sbt-1.0/classes ...
2022.02.14 10:55:37 INFO  [info] done compiling
2022.02.14 10:55:37 INFO  [success] Total time: 8 s, completed 14 Feb 2022, 10:55:37
2022.02.14 10:55:40 WARN  no build target for: /Users/dilangoodwin/Documents/GitCV/Scala/UniversityWork/week20/src/main/scala/Countdown.scala
2022.02.14 10:55:42 INFO  [info] loading settings for project root from build.sbt ...
2022.02.14 10:55:42 INFO  [info] set current project to Week20 (in build file:/Users/dilangoodwin/Documents/GitCV/Scala/UniversityWork/week20/)
2022.02.14 10:55:44 INFO  [success] Generated .bloop/root.json
2022.02.14 10:55:44 INFO  [success] Generated .bloop/root-test.json
2022.02.14 10:55:44 INFO  [success] Total time: 1 s, completed 14 Feb 2022, 10:55:44
2022.02.14 10:55:44 INFO  time: ran 'sbt bloopInstall' in 29s
2022.02.14 10:55:44 INFO  Attempting to connect to the build server...
2022.02.14 10:55:44 INFO  tracing is disabled for protocol BSP, to enable tracing of incoming and outgoing JSON messages create an empty file at /Users/dilangoodwin/Documents/GitCV/Scala/UniversityWork/week20/.metals/bsp.trace.json or /Users/dilangoodwin/Library/Caches/org.scalameta.metals/bsp.trace.json
2022.02.14 10:55:44 INFO  Attempting to connect to the build server...
2022.02.14 10:55:44 INFO  tracing is disabled for protocol BSP, to enable tracing of incoming and outgoing JSON messages create an empty file at /Users/dilangoodwin/Documents/GitCV/Scala/UniversityWork/week20/project/.metals/bsp.trace.json or /Users/dilangoodwin/Library/Caches/org.scalameta.metals/bsp.trace.json
2022.02.14 10:55:44 INFO  time: Connected to build server in 0.46s
2022.02.14 10:55:44 INFO  Connected to Build server: Bloop v1.4.12
2022.02.14 10:55:53 INFO  time: indexed workspace in 9.22s
2022.02.14 10:55:54 INFO  compiling root (1 scala source)
2022.02.14 10:55:55 INFO  compiling root-test (1 scala source)
2022.02.14 10:55:58 INFO  time: compiled root in 4.43s
2022.02.14 10:55:58 INFO  time: compiled root-test in 3.08s
2022.02.14 10:55:58 INFO  skipping build import with status 'Installed'
2022.02.14 10:57:12 INFO  compiling root (1 scala source)
2022.02.14 10:57:12 INFO  time: compiled root in 0.82s
2022.02.14 10:57:30 INFO  compiling root (1 scala source)
2022.02.14 10:57:30 INFO  time: compiled root in 0.89s
2022.02.14 12:08:29 INFO  shutting down Metals
2022.02.14 12:08:29 INFO  Shut down connection with build server.
2022.02.14 12:08:29 INFO  Shut down connection with build server.
2022.02.14 12:09:21 INFO  tracing is disabled for protocol LSP, to enable tracing of incoming and outgoing JSON messages create an empty file at /Users/dilangoodwin/Documents/GitCV/Scala/UniversityWork/week20/.metals/lsp.trace.json or /Users/dilangoodwin/Library/Caches/org.scalameta.metals/lsp.trace.json
2022.02.14 12:09:22 INFO  logging to file /Users/dilangoodwin/Documents/GitCV/Scala/UniversityWork/week20/.metals/metals.log
2022.02.14 12:09:22 INFO  Started: Metals version 0.11.1 in workspace '/Users/dilangoodwin/Documents/GitCV/Scala/UniversityWork/week20' for client Visual Studio Code 1.64.2.
2022.02.14 12:09:22 INFO  Parse release: 17
2022.02.14 12:09:27 INFO  time: initialize in 5.1s
2022.02.14 12:09:27 INFO  Attempting to connect to the build server...
2022.02.14 12:09:28 INFO  skipping build import with status 'Installed'
2022.02.14 12:09:28 INFO  tracing is disabled for protocol BSP, to enable tracing of incoming and outgoing JSON messages create an empty file at /Users/dilangoodwin/Documents/GitCV/Scala/UniversityWork/week20/.metals/bsp.trace.json or /Users/dilangoodwin/Library/Caches/org.scalameta.metals/bsp.trace.json
2022.02.14 12:09:28 INFO  Attempting to connect to the build server...
2022.02.14 12:09:28 INFO  tracing is disabled for protocol BSP, to enable tracing of incoming and outgoing JSON messages create an empty file at /Users/dilangoodwin/Documents/GitCV/Scala/UniversityWork/week20/project/.metals/bsp.trace.json or /Users/dilangoodwin/Library/Caches/org.scalameta.metals/bsp.trace.json
2022.02.14 12:09:28 INFO  time: Connected to build server in 0.74s
2022.02.14 12:09:28 INFO  Connected to Build server: Bloop v1.4.12
2022.02.14 12:09:28 INFO  time: Imported build in 0.27s
2022.02.14 12:09:36 INFO  time: indexed workspace in 7s
Feb 14, 2022 1:14:35 PM org.eclipse.lsp4j.jsonrpc.services.GenericEndpoint notify
INFO: Unsupported notification method: $/setTrace
2022.02.14 15:06:57 INFO  compiling root (1 scala source)
2022.02.14 15:06:57 INFO  time: compiled root in 0.74s
Feb 14, 2022 3:07:53 PM org.eclipse.lsp4j.jsonrpc.RemoteEndpoint handleCancellation
WARNING: Unmatched cancel notification for request id 221
Feb 14, 2022 3:07:53 PM org.eclipse.lsp4j.jsonrpc.RemoteEndpoint handleCancellation
WARNING: Unmatched cancel notification for request id 222
2022.02.14 15:07:54 INFO  compiling root (1 scala source)
2022.02.14 15:07:54 INFO  time: compiled root in 0.57s
2022.02.14 15:09:07 INFO  compiling root (1 scala source)
2022.02.14 15:09:07 INFO  time: compiled root in 0.66s
2022.02.14 16:47:48 INFO  compiling root (1 scala source)
2022.02.14 16:47:50 INFO  time: compiled root in 2.37s
2022.02.14 16:48:22 INFO  compiling root (1 scala source)
2022.02.14 16:48:23 INFO  time: compiled root in 1.04s
2022.02.14 16:49:50 INFO  compiling root (1 scala source)
2022.02.14 16:49:50 INFO  time: compiled root in 0.67s
2022.02.14 16:50:50 INFO  shutting down Metals
2022.02.14 16:50:50 INFO  Shut down connection with build server.
2022.02.14 16:50:50 INFO  Shut down connection with build server.
